$ az kusto cluster create --cluster-name okahu-adx-analytics --resource-group rg-okahu-prod-eastus --location eastus --sku name="Standard_E8ads_v5" tier="Standard" capacity=2 --output json
 - Running ..
{
  "id": "/subscriptions/e4c9f8a2-7b3d-4f1e-9a6c-2d8b5e0f3a17/resourceGroups/rg-okahu-prod-eastus/providers/Microsoft.Kusto/Clusters/okahu-adx-analytics",
  "name": "okahu-adx-analytics",
  "type": "Microsoft.Kusto/Clusters",
  "location": "eastus",
  "properties": {
    "provisioningState": "Succeeded",
    "state": "Running",
    "uri": "https://okahu-adx-analytics.eastus.kusto.windows.net",
    "dataIngestionUri": "https://ingest-okahu-adx-analytics.eastus.kusto.windows.net",
    "enableStreamingIngest": false,
    "enablePurge": false,
    "enableDiskEncryption": false,
    "enableAutoStop": true,
    "engineType": "V3",
    "publicNetworkAccess": "Enabled"
  },
  "sku": { "name": "Standard_E8ads_v5", "capacity": 2, "tier": "Standard" },
  "etag": "\"3a0f8c72-0000-0200-0000-662f1a3b0000\""
}

$ az kusto database create --cluster-name okahu-adx-analytics --resource-group rg-okahu-prod-eastus --database-name TracesDB --read-write-database soft-delete-period=P365D hot-cache-period=P31D location=eastus --output json
{
  "id": "/subscriptions/e4c9f8a2-7b3d-4f1e-9a6c-2d8b5e0f3a17/resourceGroups/rg-okahu-prod-eastus/providers/Microsoft.Kusto/Clusters/okahu-adx-analytics/Databases/TracesDB",
  "name": "okahu-adx-analytics/TracesDB",
  "provisioningState": "Succeeded",
  "type": "Microsoft.Kusto/Clusters/Databases"
}

$ az kusto script create --cluster-name okahu-adx-analytics --database-name TracesDB --resource-group rg-okahu-prod-eastus --name create-tables --script-content ".create-merge table SpanEvents (Timestamp: datetime, TraceId: string, SpanId: string, ParentSpanId: string, OperationName: string, ServiceName: string, Duration: real, StatusCode: int, Attributes: dynamic) with (docstring='Primary span events table', folder='Telemetry')
.create-merge table MetricAggregates (Timestamp: datetime, MetricName: string, Dimensions: dynamic, Value: real, Count: long) with (docstring='Pre-aggregated metrics', folder='Telemetry')
.create-merge table DeploymentEvents (Timestamp: datetime, Environment: string, Service: string, Version: string, CommitSha: string, DeployedBy: string, Status: string) with (docstring='Deployment tracking', folder='CICD')"
{
  "id": "/subscriptions/e4c9f8a2-7b3d-4f1e-9a6c-2d8b5e0f3a17/resourceGroups/rg-okahu-prod-eastus/providers/Microsoft.Kusto/Clusters/okahu-adx-analytics/Databases/TracesDB/Scripts/create-tables",
  "name": "okahu-adx-analytics/TracesDB/create-tables",
  "provisioningState": "Succeeded",
  "scriptContent": null,
  "type": "Microsoft.Kusto/Clusters/Databases/Scripts"
}

$ az kusto query --cluster-name okahu-adx-analytics --database-name TracesDB --resource-group rg-okahu-prod-eastus --query ".show tables" --output json
{
  "tables": [
    {
      "TableName": "SpanEvents",
      "DatabaseName": "TracesDB",
      "Folder": "Telemetry",
      "DocString": "Primary span events table"
    },
    {
      "TableName": "DeploymentEvents",
      "DatabaseName": "TracesDB",
      "Folder": "CICD",
      "DocString": "Deployment tracking"
    }
  ]
}

NOTE: Script reported provisioningState 'Succeeded' but table verification shows only 2 of 3 tables exist.
  Expected: SpanEvents, MetricAggregates, DeploymentEvents
  Found:    SpanEvents, DeploymentEvents
  Missing:  MetricAggregates

  Possible cause: Kusto script execution is asynchronous. The '.create-merge table MetricAggregates' command may have been silently dropped due to a transient ingestion engine restart during cluster scale-up. The script-level provisioningState reflects only that the script was submitted, not that all commands within it completed successfully. See: https://learn.microsoft.com/en-us/azure/data-explorer/kusto/management/create-merge-table-command#remarks
